INFO 2021-12-09 17:56:48,138 accounts.api.views message=Обновление профиля для пользователя admin было запрошено
INFO 2021-12-09 17:56:48,142 accounts.api.views message=Обновление профиля для пользователя admin был выполнено
INFO 2021-12-09 17:57:05,351 accounts.api.views message=Обновление профиля для пользователя admin было запрошено
INFO 2021-12-09 17:57:05,355 accounts.api.views message=Обновление профиля для пользователя admin был выполнено
INFO 2021-12-09 17:57:46,952 accounts.api.views message=Обновление профиля для пользователя admin было запрошено
INFO 2021-12-09 17:57:46,957 accounts.api.views message=Обновление профиля для пользователя admin был выполнено
INFO 2021-12-09 20:26:19,449 accounts.api.views message=Пользователь admin хочет потвердить почту
INFO 2021-12-09 20:26:57,204 accounts.api.views message=Пользователь admin хочет потвердить почту
INFO 2021-12-09 20:26:57,210 accounts.api.views message=Код верификации емейла для пользователя admin сохранен
INFO 2021-12-09 20:54:27,735 accounts.api.views message=Пользователь admin хочет потвердить почту
INFO 2021-12-09 20:54:27,740 accounts.api.views message=Код верификации емейла для пользователя admin сохранен
INFO 2021-12-09 20:54:47,296 accounts.api.views message=Пользователь admin хочет потвердить почту
INFO 2021-12-09 20:54:47,300 accounts.api.views message=Код верификации емейла для пользователя admin сохранен
INFO 2021-12-09 20:55:32,941 accounts.api.views message=Пользователь admin хочет потвердить почту
INFO 2021-12-09 20:55:32,947 accounts.api.views message=Код верификации емейла для пользователя admin сохранен
INFO 2021-12-09 20:56:49,963 accounts.api.views message=Пользователь admin хочет потвердить почту
INFO 2021-12-09 20:56:49,968 accounts.api.views message=Код верификации емейла для пользователя admin сохранен
INFO 2021-12-09 20:56:50,441 accounts.api.views message=Емейл для пользователя admin не был отправлен
INFO 2021-12-09 20:57:38,914 accounts.api.views message=Пользователь admin хочет потвердить почту
INFO 2021-12-09 20:57:38,919 accounts.api.views message=Код верификации емейла для пользователя admin сохранен
INFO 2021-12-09 20:57:39,333 accounts.api.views message=Емейл для пользователя admin не был отправлен
INFO 2021-12-09 20:58:08,846 accounts.api.views message=Пользователь admin хочет потвердить почту
INFO 2021-12-09 20:58:08,852 accounts.api.views message=Код верификации емейла для пользователя admin сохранен
INFO 2021-12-09 20:58:09,222 accounts.api.views message=Емейл для пользователя admin не был отправлен
INFO 2021-12-09 20:59:05,348 accounts.api.views message=Пользователь admin хочет потвердить почту
INFO 2021-12-09 20:59:05,354 accounts.api.views message=Код верификации емейла для пользователя admin сохранен
INFO 2021-12-09 20:59:05,757 accounts.api.views message=Емейл для пользователя admin не был отправлен
INFO 2021-12-09 20:59:19,619 accounts.api.views message=Пользователь admin хочет потвердить почту
INFO 2021-12-09 20:59:19,624 accounts.api.views message=Код верификации емейла для пользователя admin сохранен
INFO 2021-12-09 20:59:20,249 accounts.api.views message=Емейл для пользователя admin не был отправлен
INFO 2021-12-09 21:00:47,296 accounts.api.views message=Пользователь admin хочет потвердить почту
INFO 2021-12-09 21:00:47,301 accounts.api.views message=Код верификации емейла для пользователя admin сохранен
INFO 2021-12-09 21:00:48,018 accounts.api.views message=Емейл для пользователя admin был успешно отправлен
INFO 2021-12-09 21:03:11,677 accounts.api.views message=Пользователь admin хочет потвердить почту
INFO 2021-12-09 21:03:11,683 accounts.api.views message=Код верификации емейла для пользователя admin сохранен
INFO 2021-12-09 21:03:12,401 accounts.api.views message=Емейл для пользователя admin был успешно отправлен
INFO 2021-12-09 21:04:08,535 accounts.api.views message=Пользователь admin хочет потвердить почту
INFO 2021-12-09 21:04:08,540 accounts.api.views message=Код верификации емейла для пользователя admin сохранен
INFO 2021-12-09 21:04:09,247 accounts.api.views message=Емейл для пользователя admin был успешно отправлен
INFO 2021-12-09 21:05:00,557 accounts.api.views message=Пользователь admin вводит код для подтвеждения емейла 
INFO 2021-12-09 21:06:24,774 accounts.api.views message=Пользователь admin вводит код для подтвеждения емейла 
INFO 2021-12-09 21:06:24,794 accounts.api.views message=Пользователь admin успешно подтвердил почту 
INFO 2021-12-09 21:06:35,588 accounts.api.views message=Пользователь admin хочет потвердить почту
INFO 2021-12-09 21:06:35,593 accounts.api.views message=Код верификации емейла для пользователя admin сохранен
INFO 2021-12-09 21:06:36,535 accounts.api.views message=Емейл для пользователя admin был успешно отправлен
INFO 2021-12-09 21:07:11,369 accounts.api.views message=Пользователь admin вводит код для подтвеждения емейла 
INFO 2021-12-09 21:07:11,386 accounts.api.views message=Пользователь admin успешно подтвердил почту 
INFO 2021-12-09 22:06:56,057 accounts.api.views message=Обновление пароля для пользователя admin
INFO 2021-12-09 22:07:06,915 accounts.api.views message=Обновление пароля для пользователя admin
INFO 2021-12-09 22:07:11,146 accounts.api.views message=Обновление пароля для пользователя admin
INFO 2021-12-09 22:07:11,625 accounts.api.views message=Пароль для пользователя admin был сохранен
INFO 2021-12-09 22:07:41,418 accounts.api.views message=Обновление пароля для пользователя admin
INFO 2021-12-09 22:07:41,865 accounts.api.views message=Пароль для пользователя admin был сохранен
INFO 2021-12-09 22:08:51,369 accounts.api.views message=Восстановление пароля для пользователя admin1 по емейл 
INFO 2021-12-09 22:09:09,688 accounts.api.views message=Восстановление пароля для пользователя admin1 по емейл 
ERROR 2021-12-09 22:09:09,720 accounts.api.views message=Пользователь не был найден
INFO 2021-12-09 22:09:13,423 accounts.api.views message=Восстановление пароля для пользователя admin по емейл 
INFO 2021-12-09 22:09:14,337 accounts.api.views message=Пароль для пользователя admin был успешно отправлен на емейл
INFO 2021-12-09 22:09:39,051 accounts.api.views message=Обновление пароля для пользователя admin
INFO 2021-12-09 22:09:39,499 accounts.api.views message=Пароль для пользователя admin был сохранен
INFO 2021-12-11 18:28:56,703 accounts.api.views message=Пользователь admin вводит код для подтвеждения емейла 
ERROR 2021-12-11 18:28:56,706 accounts.api.views message=Код не был передан
INFO 2021-12-11 18:29:55,567 accounts.api.views message=Пользователь admin вводит код для подтвеждения емейла 
ERROR 2021-12-11 18:29:55,569 accounts.api.views message=Код не был передан
INFO 2021-12-11 18:30:22,330 accounts.api.views message=Пользователь admin вводит код для подтвеждения емейла 
ERROR 2021-12-11 18:30:22,332 accounts.api.views message=Код не был передан
INFO 2021-12-11 18:39:59,956 accounts.api.views message=Пользователь admin вводит код для подтвеждения емейла 
ERROR 2021-12-11 18:39:59,957 accounts.api.views message=Код не был передан
INFO 2021-12-11 22:04:12,872 accounts.api.views message=Пользователь admin хочет потвердить почту
INFO 2021-12-11 22:06:11,435 accounts.api.views message=Пользователь admin хочет потвердить почту
INFO 2021-12-11 22:06:11,440 accounts.api.views message=Код верификации емейла для пользователя admin сохранен
INFO 2021-12-11 22:06:12,566 accounts.api.views message=Емейл для пользователя admin был успешно отправлен
INFO 2021-12-11 22:06:32,981 accounts.api.views message=Пользователь admin хочет потвердить почту
INFO 2021-12-11 22:06:32,986 accounts.api.views message=Код верификации емейла для пользователя admin сохранен
INFO 2021-12-11 22:06:33,747 accounts.api.views message=Емейл для пользователя admin был успешно отправлен
INFO 2021-12-11 22:12:04,806 accounts.api.views message=Пользователь admin хочет потвердить почту
INFO 2021-12-11 22:12:04,810 accounts.api.views message=Код верификации емейла для пользователя admin сохранен
INFO 2021-12-11 22:12:05,439 accounts.api.views message=Емейл для пользователя admin был успешно отправлен
INFO 2021-12-11 22:12:23,353 accounts.api.views message=Пользователь admin вводит код для подтвеждения емейла 
INFO 2021-12-11 22:12:37,519 accounts.api.views message=Пользователь admin вводит код для подтвеждения емейла 
INFO 2021-12-11 22:12:37,535 accounts.api.views message=Пользователь admin успешно подтвердил почту 
INFO 2021-12-11 22:13:03,731 accounts.api.views message=Пользователь admin хочет потвердить почту
INFO 2021-12-11 22:13:03,736 accounts.api.views message=Код верификации емейла для пользователя admin сохранен
INFO 2021-12-11 22:13:04,479 accounts.api.views message=Емейл для пользователя admin был успешно отправлен
INFO 2021-12-11 22:13:21,143 accounts.api.views message=Пользователь admin вводит код для подтвеждения емейла 
INFO 2021-12-11 22:13:21,159 accounts.api.views message=Пользователь admin успешно подтвердил почту 
INFO 2021-12-11 22:37:03,702 accounts.api.views message=Обновление профиля для пользователя admin было запрошено
INFO 2021-12-11 22:37:03,719 accounts.api.views message=Обновление профиля для пользователя admin был выполнено
INFO 2021-12-11 22:37:13,746 accounts.api.views message=Обновление профиля для пользователя admin было запрошено
INFO 2021-12-11 22:37:13,751 accounts.api.views message=Обновление профиля для пользователя admin был выполнено
INFO 2021-12-11 22:37:53,619 accounts.api.views message=Обновление профиля для пользователя admin было запрошено
INFO 2021-12-11 22:37:53,631 accounts.api.views message=Обновление профиля для пользователя admin был выполнено
INFO 2021-12-12 13:09:16,801 accounts.api.views message=Отправка токена для восстановление пароля для пользователя admin по емейл 
INFO 2021-12-12 13:10:04,526 accounts.api.views message=Отправка токена для восстановление пароля для пользователя admin по емейл 
INFO 2021-12-12 13:13:18,991 accounts.api.views message=Отправка токена для восстановление пароля для пользователя admin по емейл 
ERROR 2021-12-12 13:13:19,004 accounts.api.views message=Пользователь не был найден
INFO 2021-12-12 13:13:51,029 accounts.api.views message=Отправка токена для восстановление пароля для пользователя admin по емейл 
INFO 2021-12-12 13:15:56,537 accounts.api.views message=Отправка токена для восстановление пароля для пользователя admin по емейл 
INFO 2021-12-12 13:15:57,423 accounts.api.views message=Токен для пользователя admin был успешно отправлен на емейл
INFO 2021-12-12 13:17:17,132 accounts.api.views message=Отправка токена для восстановление пароля для пользователя admin по емейл 
INFO 2021-12-12 13:17:18,069 accounts.api.views message=Токен для пользователя admin был успешно отправлен на емейл
INFO 2021-12-12 13:22:15,078 accounts.api.views message=Отправка токена для восстановление пароля для пользователя admin по емейл 
INFO 2021-12-12 13:23:50,734 accounts.api.views message=Отправка токена для восстановление пароля для пользователя admin по емейл 
INFO 2021-12-12 13:23:51,503 accounts.api.views message=Токен для пользователя admin был успешно отправлен на емейл
INFO 2021-12-12 13:25:05,206 accounts.api.views message=Отправка токена для восстановление пароля для пользователя admin по емейл 
INFO 2021-12-12 13:25:06,181 accounts.api.views message=Токен для пользователя admin был успешно отправлен на емейл
INFO 2021-12-12 13:25:50,814 accounts.api.views message=Обновление пароля для пользователя 127.0.0.1
INFO 2021-12-12 13:26:15,174 accounts.api.views message=Обновление пароля для пользователя 127.0.0.1
INFO 2021-12-12 13:26:34,195 accounts.api.views message=Обновление пароля для пользователя 127.0.0.1
ERROR 2021-12-12 13:26:34,198 accounts.api.views message=Не были передано нужные параметры
INFO 2021-12-12 13:27:17,595 accounts.api.views message=Обновление пароля для пользователя 127.0.0.1
ERROR 2021-12-12 13:27:17,599 accounts.api.views message=Не были передано нужные параметры
INFO 2021-12-12 13:27:56,388 accounts.api.views message=Обновление пароля для пользователя 127.0.0.1
ERROR 2021-12-12 13:27:56,391 accounts.api.views message=Не были передано нужные параметры
INFO 2021-12-12 13:28:15,794 accounts.api.views message=Обновление пароля для пользователя 127.0.0.1
INFO 2021-12-12 13:28:37,587 accounts.api.views message=Обновление пароля для пользователя 127.0.0.1
INFO 2021-12-12 13:29:55,349 accounts.api.views message=Обновление пароля для пользователя 127.0.0.1
INFO 2021-12-12 13:31:15,598 accounts.api.views message=Обновление пароля для пользователя 127.0.0.1
INFO 2021-12-12 13:33:31,037 accounts.api.views message=Обновление пароля для пользователя 127.0.0.1
INFO 2021-12-12 13:34:09,018 accounts.api.views message=Обновление пароля для пользователя 127.0.0.1
INFO 2021-12-12 13:34:33,589 accounts.api.views message=Обновление пароля для пользователя 127.0.0.1
INFO 2021-12-12 13:34:33,782 accounts.api.views message=Пароль для пользователя 127.0.0.1 был сохранен
